

Started GET "/" for 127.0.0.1 at 2016-05-21 17:55:00 +0530
Processing by Rails::WelcomeController#index as HTML
  Rendered /Users/vinodrathod/.rbenv/versions/2.2.3/lib/ruby/gems/2.2.0/gems/railties-4.2.4/lib/rails/templates/rails/welcome/index.html.erb (3.1ms)
Completed 200 OK in 45ms (Views: 25.7ms)
MONGODB | Adding localhost:27017 to the cluster.
MONGODB | localhost:27017 | dride_development.find | STARTED | {"find"=>"users", "filter"=>{}, "limit"=>1, "singleBatch"=>true}
MONGODB | localhost:27017 | dride_development.find | SUCCEEDED | 0.012103000000000001s


Started GET "/users/1" for 127.0.0.1 at 2016-05-23 21:03:38 +0530
Processing by Api::V1::UsersController#show as JSON
  Parameters: {"subdomain"=>"api", "id"=>"1"}
MONGODB | Adding localhost:27017 to the cluster.
MONGODB | localhost:27017 | dride_development.find | STARTED | {"find"=>"users", "filter"=>{"_id"=>"1"}}
MONGODB | localhost:27017 | dride_development.find | SUCCEEDED | 0.002888s
Completed 404 Not Found in 50ms

Mongoid::Errors::DocumentNotFound (
message:
  Document(s) not found for class User with id(s) 1.
summary:
  When calling User.find with an id or array of ids, each parameter must match a document in the database or this error will be raised. The search was for the id(s): 1 ... (1 total) and the following ids were not found: 1.
resolution:
  Search for an id that is in the database or set the Mongoid.raise_not_found_error configuration option to false, which will cause a nil to be returned instead of raising this error when searching for a single id, or only the matched documents when searching for multiples.):
  app/controllers/api/v1/users_controller.rb:5:in `show'


  Rendered /Users/vinodrathod/.rbenv/versions/2.2.3/lib/ruby/gems/2.2.0/gems/actionpack-4.2.4/lib/action_dispatch/middleware/templates/rescues/_source.erb (4.6ms)
  Rendered /Users/vinodrathod/.rbenv/versions/2.2.3/lib/ruby/gems/2.2.0/gems/actionpack-4.2.4/lib/action_dispatch/middleware/templates/rescues/_trace.html.erb (2.1ms)
  Rendered /Users/vinodrathod/.rbenv/versions/2.2.3/lib/ruby/gems/2.2.0/gems/actionpack-4.2.4/lib/action_dispatch/middleware/templates/rescues/_request_and_response.html.erb (9.7ms)
  Rendered /Users/vinodrathod/.rbenv/versions/2.2.3/lib/ruby/gems/2.2.0/gems/actionpack-4.2.4/lib/action_dispatch/middleware/templates/rescues/diagnostics.html.erb within rescues/layout (67.8ms)
  Rendered /Users/vinodrathod/.rbenv/versions/2.2.3/lib/ruby/gems/2.2.0/gems/web-console-2.3.0/lib/web_console/templates/_markup.html.erb (0.6ms)
  Rendered /Users/vinodrathod/.rbenv/versions/2.2.3/lib/ruby/gems/2.2.0/gems/web-console-2.3.0/lib/web_console/templates/_inner_console_markup.html.erb within layouts/inlined_string (0.5ms)
  Rendered /Users/vinodrathod/.rbenv/versions/2.2.3/lib/ruby/gems/2.2.0/gems/web-console-2.3.0/lib/web_console/templates/_prompt_box_markup.html.erb within layouts/inlined_string (0.3ms)
  Rendered /Users/vinodrathod/.rbenv/versions/2.2.3/lib/ruby/gems/2.2.0/gems/web-console-2.3.0/lib/web_console/templates/style.css.erb within layouts/inlined_string (0.3ms)
  Rendered /Users/vinodrathod/.rbenv/versions/2.2.3/lib/ruby/gems/2.2.0/gems/web-console-2.3.0/lib/web_console/templates/console.js.erb within layouts/javascript (57.2ms)
  Rendered /Users/vinodrathod/.rbenv/versions/2.2.3/lib/ruby/gems/2.2.0/gems/web-console-2.3.0/lib/web_console/templates/main.js.erb within layouts/javascript (0.3ms)
  Rendered /Users/vinodrathod/.rbenv/versions/2.2.3/lib/ruby/gems/2.2.0/gems/web-console-2.3.0/lib/web_console/templates/error_page.js.erb within layouts/javascript (0.4ms)
  Rendered /Users/vinodrathod/.rbenv/versions/2.2.3/lib/ruby/gems/2.2.0/gems/web-console-2.3.0/lib/web_console/templates/index.html.erb (125.0ms)
MONGODB | Adding localhost:27017 to the cluster.
MONGODB | localhost:27017 | dride_development.find | STARTED | {"find"=>"users", "filter"=>{"email"=>"example@dride.com"}, "projection"=>{"_id"=>1}, "limit"=>1}
MONGODB | localhost:27017 | dride_development.find | SUCCEEDED | 0.008464999999999999s


Started GET "/users/1" for 127.0.0.1 at 2016-05-23 22:59:13 +0530
Processing by Api::V1::UsersController#show as JSON
  Parameters: {"subdomain"=>"api", "id"=>"1"}
MONGODB | Adding localhost:27017 to the cluster.
MONGODB | localhost:27017 | dride_development.find | STARTED | {"find"=>"users", "filter"=>{"_id"=>"1"}}
MONGODB | localhost:27017 | dride_development.find | SUCCEEDED | 0.0022570000000000003s
Completed 404 Not Found in 60ms

Mongoid::Errors::DocumentNotFound (
message:
  Document(s) not found for class User with id(s) 1.
summary:
  When calling User.find with an id or array of ids, each parameter must match a document in the database or this error will be raised. The search was for the id(s): 1 ... (1 total) and the following ids were not found: 1.
resolution:
  Search for an id that is in the database or set the Mongoid.raise_not_found_error configuration option to false, which will cause a nil to be returned instead of raising this error when searching for a single id, or only the matched documents when searching for multiples.):
  app/controllers/api/v1/users_controller.rb:5:in `show'


  Rendered /Users/vinodrathod/.rbenv/versions/2.2.3/lib/ruby/gems/2.2.0/gems/actionpack-4.2.4/lib/action_dispatch/middleware/templates/rescues/_source.erb (14.9ms)
  Rendered /Users/vinodrathod/.rbenv/versions/2.2.3/lib/ruby/gems/2.2.0/gems/actionpack-4.2.4/lib/action_dispatch/middleware/templates/rescues/_trace.html.erb (8.3ms)
  Rendered /Users/vinodrathod/.rbenv/versions/2.2.3/lib/ruby/gems/2.2.0/gems/actionpack-4.2.4/lib/action_dispatch/middleware/templates/rescues/_request_and_response.html.erb (37.2ms)
  Rendered /Users/vinodrathod/.rbenv/versions/2.2.3/lib/ruby/gems/2.2.0/gems/actionpack-4.2.4/lib/action_dispatch/middleware/templates/rescues/diagnostics.html.erb within rescues/layout (253.2ms)
  Rendered /Users/vinodrathod/.rbenv/versions/2.2.3/lib/ruby/gems/2.2.0/gems/web-console-2.3.0/lib/web_console/templates/_markup.html.erb (1.2ms)
  Rendered /Users/vinodrathod/.rbenv/versions/2.2.3/lib/ruby/gems/2.2.0/gems/web-console-2.3.0/lib/web_console/templates/_inner_console_markup.html.erb within layouts/inlined_string (0.9ms)
  Rendered /Users/vinodrathod/.rbenv/versions/2.2.3/lib/ruby/gems/2.2.0/gems/web-console-2.3.0/lib/web_console/templates/_prompt_box_markup.html.erb within layouts/inlined_string (0.9ms)
  Rendered /Users/vinodrathod/.rbenv/versions/2.2.3/lib/ruby/gems/2.2.0/gems/web-console-2.3.0/lib/web_console/templates/style.css.erb within layouts/inlined_string (1.3ms)
  Rendered /Users/vinodrathod/.rbenv/versions/2.2.3/lib/ruby/gems/2.2.0/gems/web-console-2.3.0/lib/web_console/templates/console.js.erb within layouts/javascript (168.6ms)
  Rendered /Users/vinodrathod/.rbenv/versions/2.2.3/lib/ruby/gems/2.2.0/gems/web-console-2.3.0/lib/web_console/templates/main.js.erb within layouts/javascript (1.0ms)
  Rendered /Users/vinodrathod/.rbenv/versions/2.2.3/lib/ruby/gems/2.2.0/gems/web-console-2.3.0/lib/web_console/templates/error_page.js.erb within layouts/javascript (1.2ms)
  Rendered /Users/vinodrathod/.rbenv/versions/2.2.3/lib/ruby/gems/2.2.0/gems/web-console-2.3.0/lib/web_console/templates/index.html.erb (387.1ms)


Started GET "/users/57433a163085b3def5f51f08" for 127.0.0.1 at 2016-05-23 23:02:18 +0530
Processing by Api::V1::UsersController#show as JSON
  Parameters: {"subdomain"=>"api", "id"=>"57433a163085b3def5f51f08"}
MONGODB | localhost:27017 | dride_development.find | STARTED | {"find"=>"users", "filter"=>{"_id"=>BSON::ObjectId('57433a163085b3def5f51f08')}}
MONGODB | localhost:27017 | dride_development.find | SUCCEEDED | 0.0044069999999999995s
Completed 404 Not Found in 72ms

Mongoid::Errors::DocumentNotFound (
message:
  Document(s) not found for class User with id(s) 57433a163085b3def5f51f08.
summary:
  When calling User.find with an id or array of ids, each parameter must match a document in the database or this error will be raised. The search was for the id(s): 57433a163085b3def5f51f08 ... (1 total) and the following ids were not found: 57433a163085b3def5f51f08.
resolution:
  Search for an id that is in the database or set the Mongoid.raise_not_found_error configuration option to false, which will cause a nil to be returned instead of raising this error when searching for a single id, or only the matched documents when searching for multiples.):
  app/controllers/api/v1/users_controller.rb:5:in `show'


  Rendered /Users/vinodrathod/.rbenv/versions/2.2.3/lib/ruby/gems/2.2.0/gems/actionpack-4.2.4/lib/action_dispatch/middleware/templates/rescues/_source.erb (18.2ms)
  Rendered /Users/vinodrathod/.rbenv/versions/2.2.3/lib/ruby/gems/2.2.0/gems/actionpack-4.2.4/lib/action_dispatch/middleware/templates/rescues/_trace.html.erb (14.0ms)
  Rendered /Users/vinodrathod/.rbenv/versions/2.2.3/lib/ruby/gems/2.2.0/gems/actionpack-4.2.4/lib/action_dispatch/middleware/templates/rescues/_request_and_response.html.erb (4.4ms)
  Rendered /Users/vinodrathod/.rbenv/versions/2.2.3/lib/ruby/gems/2.2.0/gems/actionpack-4.2.4/lib/action_dispatch/middleware/templates/rescues/diagnostics.html.erb within rescues/layout (255.6ms)
  Rendered /Users/vinodrathod/.rbenv/versions/2.2.3/lib/ruby/gems/2.2.0/gems/web-console-2.3.0/lib/web_console/templates/_markup.html.erb (1.3ms)
  Rendered /Users/vinodrathod/.rbenv/versions/2.2.3/lib/ruby/gems/2.2.0/gems/web-console-2.3.0/lib/web_console/templates/_inner_console_markup.html.erb within layouts/inlined_string (1.1ms)
  Rendered /Users/vinodrathod/.rbenv/versions/2.2.3/lib/ruby/gems/2.2.0/gems/web-console-2.3.0/lib/web_console/templates/_prompt_box_markup.html.erb within layouts/inlined_string (1.0ms)
  Rendered /Users/vinodrathod/.rbenv/versions/2.2.3/lib/ruby/gems/2.2.0/gems/web-console-2.3.0/lib/web_console/templates/style.css.erb within layouts/inlined_string (1.0ms)
  Rendered /Users/vinodrathod/.rbenv/versions/2.2.3/lib/ruby/gems/2.2.0/gems/web-console-2.3.0/lib/web_console/templates/console.js.erb within layouts/javascript (163.1ms)
  Rendered /Users/vinodrathod/.rbenv/versions/2.2.3/lib/ruby/gems/2.2.0/gems/web-console-2.3.0/lib/web_console/templates/main.js.erb within layouts/javascript (1.0ms)
  Rendered /Users/vinodrathod/.rbenv/versions/2.2.3/lib/ruby/gems/2.2.0/gems/web-console-2.3.0/lib/web_console/templates/error_page.js.erb within layouts/javascript (1.2ms)
  Rendered /Users/vinodrathod/.rbenv/versions/2.2.3/lib/ruby/gems/2.2.0/gems/web-console-2.3.0/lib/web_console/templates/index.html.erb (363.9ms)
MONGODB | localhost:27017 | dride_development.find | STARTED | {"find"=>"users", "filter"=>{}, "limit"=>1, "singleBatch"=>true}
MONGODB | localhost:27017 | dride_development.find | SUCCEEDED | 0.0053490000000000005s
MONGODB | localhost:27017 | dride_development.find | STARTED | {"find"=>"users", "filter"=>{}, "limit"=>1, "singleBatch"=>true}
MONGODB | localhost:27017 | dride_development.find | SUCCEEDED | 0.000443s
MONGODB | localhost:27017 | dride_development.find | STARTED | {"find"=>"users", "filter"=>{}}
MONGODB | localhost:27017 | dride_development.find | SUCCEEDED | 0.005649s
MONGODB | localhost:27017 | dride_development.find | STARTED | {"find"=>"users", "filter"=>{}, "limit"=>1, "singleBatch"=>true}
MONGODB | localhost:27017 | dride_development.find | SUCCEEDED | 0.0057139999999999995s
MONGODB | localhost:27017 | dride_development.find | STARTED | {"find"=>"users", "filter"=>{"email"=>"example@dride"}, "limit"=>1, "singleBatch"=>true}
MONGODB | localhost:27017 | dride_development.find | SUCCEEDED | 0.002256s
MONGODB | localhost:27017 | dride_development.find | STARTED | {"find"=>"users", "filter"=>{"email"=>"example@dride"}, "limit"=>1, "singleBatch"=>true}
MONGODB | localhost:27017 | dride_development.find | SUCCEEDED | 0.000401s
MONGODB | localhost:27017 | dride_development.find | STARTED | {"find"=>"users", "filter"=>{"email"=>"example@dride"}, "limit"=>1, "singleBatch"=>true}
MONGODB | localhost:27017 | dride_development.find | SUCCEEDED | 0.00033s
MONGODB | localhost:27017 | dride_development.find | STARTED | {"find"=>"users", "filter"=>{"email"=>{"$lte"=>"example@dride"}}, "limit"=>1, "singleBatch"=>true}
MONGODB | localhost:27017 | dride_development.find | SUCCEEDED | 0.0009199999999999999s
MONGODB | localhost:27017 | dride_development.find | STARTED | {"find"=>"users", "filter"=>{"email"=>{"$lte"=>"example@dride"}}, "limit"=>1, "singleBatch"=>true}
MONGODB | localhost:27017 | dride_development.find | SUCCEEDED | 0.00359s
MONGODB | localhost:27017 | dride_development.find | STARTED | {"find"=>"users", "filter"=>{"email"=>"example@dride.com"}, "projection"=>{"_id"=>1}, "limit"=>1}
MONGODB | localhost:27017 | dride_development.find | SUCCEEDED | 0.001863s
MONGODB | localhost:27017 | dride_development.find | STARTED | {"find"=>"users", "filter"=>{"email"=>"example@dride"}, "limit"=>1, "singleBatch"=>true}
MONGODB | localhost:27017 | dride_development.find | SUCCEEDED | 0.000348s


Started GET "/" for 127.0.0.1 at 2016-05-23 23:51:11 +0530
Processing by Rails::WelcomeController#index as HTML
  Rendered /Users/vinodrathod/.rbenv/versions/2.2.3/lib/ruby/gems/2.2.0/gems/railties-4.2.4/lib/rails/templates/rails/welcome/index.html.erb (5.5ms)
Completed 200 OK in 15ms (Views: 14.9ms)


Started GET "/" for 127.0.0.1 at 2016-05-23 23:51:18 +0530
Processing by Rails::WelcomeController#index as HTML
  Rendered /Users/vinodrathod/.rbenv/versions/2.2.3/lib/ruby/gems/2.2.0/gems/railties-4.2.4/lib/rails/templates/rails/welcome/index.html.erb (0.0ms)
Completed 200 OK in 2ms (Views: 2.0ms)


Started GET "/users/v1" for 127.0.0.1 at 2016-05-23 23:51:41 +0530
Processing by Api::V1::UsersController#show as JSON
  Parameters: {"subdomain"=>"api", "id"=>"v1"}
MONGODB | Adding localhost:27017 to the cluster.
MONGODB | localhost:27017 | dride_development.find | STARTED | {"find"=>"users", "filter"=>{"_id"=>"v1"}}
MONGODB | localhost:27017 | dride_development.find | SUCCEEDED | 0.000809s
Completed 404 Not Found in 17ms

Mongoid::Errors::DocumentNotFound (
message:
  Document(s) not found for class User with id(s) v1.
summary:
  When calling User.find with an id or array of ids, each parameter must match a document in the database or this error will be raised. The search was for the id(s): v1 ... (1 total) and the following ids were not found: v1.
resolution:
  Search for an id that is in the database or set the Mongoid.raise_not_found_error configuration option to false, which will cause a nil to be returned instead of raising this error when searching for a single id, or only the matched documents when searching for multiples.):
  app/controllers/api/v1/users_controller.rb:5:in `show'


  Rendered /Users/vinodrathod/.rbenv/versions/2.2.3/lib/ruby/gems/2.2.0/gems/actionpack-4.2.4/lib/action_dispatch/middleware/templates/rescues/_source.erb (4.7ms)
  Rendered /Users/vinodrathod/.rbenv/versions/2.2.3/lib/ruby/gems/2.2.0/gems/actionpack-4.2.4/lib/action_dispatch/middleware/templates/rescues/_trace.html.erb (3.5ms)
  Rendered /Users/vinodrathod/.rbenv/versions/2.2.3/lib/ruby/gems/2.2.0/gems/actionpack-4.2.4/lib/action_dispatch/middleware/templates/rescues/_request_and_response.html.erb (9.4ms)
  Rendered /Users/vinodrathod/.rbenv/versions/2.2.3/lib/ruby/gems/2.2.0/gems/actionpack-4.2.4/lib/action_dispatch/middleware/templates/rescues/diagnostics.html.erb within rescues/layout (68.7ms)
  Rendered /Users/vinodrathod/.rbenv/versions/2.2.3/lib/ruby/gems/2.2.0/gems/web-console-2.3.0/lib/web_console/templates/_markup.html.erb (0.4ms)
  Rendered /Users/vinodrathod/.rbenv/versions/2.2.3/lib/ruby/gems/2.2.0/gems/web-console-2.3.0/lib/web_console/templates/_inner_console_markup.html.erb within layouts/inlined_string (0.4ms)
  Rendered /Users/vinodrathod/.rbenv/versions/2.2.3/lib/ruby/gems/2.2.0/gems/web-console-2.3.0/lib/web_console/templates/_prompt_box_markup.html.erb within layouts/inlined_string (0.2ms)
  Rendered /Users/vinodrathod/.rbenv/versions/2.2.3/lib/ruby/gems/2.2.0/gems/web-console-2.3.0/lib/web_console/templates/style.css.erb within layouts/inlined_string (0.3ms)
  Rendered /Users/vinodrathod/.rbenv/versions/2.2.3/lib/ruby/gems/2.2.0/gems/web-console-2.3.0/lib/web_console/templates/console.js.erb within layouts/javascript (50.1ms)
  Rendered /Users/vinodrathod/.rbenv/versions/2.2.3/lib/ruby/gems/2.2.0/gems/web-console-2.3.0/lib/web_console/templates/main.js.erb within layouts/javascript (0.5ms)
  Rendered /Users/vinodrathod/.rbenv/versions/2.2.3/lib/ruby/gems/2.2.0/gems/web-console-2.3.0/lib/web_console/templates/error_page.js.erb within layouts/javascript (0.4ms)
  Rendered /Users/vinodrathod/.rbenv/versions/2.2.3/lib/ruby/gems/2.2.0/gems/web-console-2.3.0/lib/web_console/templates/index.html.erb (117.9ms)


Started GET "/users/v1" for 127.0.0.1 at 2016-05-23 23:54:18 +0530
Processing by Api::V1::UsersController#show as JSON
  Parameters: {"subdomain"=>"api", "id"=>"v1"}
MONGODB | localhost:27017 | dride_development.find | STARTED | {"find"=>"users", "filter"=>{"_id"=>"v1"}}
MONGODB | localhost:27017 | dride_development.find | SUCCEEDED | 0.001615s
Completed 404 Not Found in 38ms

Mongoid::Errors::DocumentNotFound (
message:
  Document(s) not found for class User with id(s) v1.
summary:
  When calling User.find with an id or array of ids, each parameter must match a document in the database or this error will be raised. The search was for the id(s): v1 ... (1 total) and the following ids were not found: v1.
resolution:
  Search for an id that is in the database or set the Mongoid.raise_not_found_error configuration option to false, which will cause a nil to be returned instead of raising this error when searching for a single id, or only the matched documents when searching for multiples.):
  app/controllers/api/v1/users_controller.rb:5:in `show'


  Rendered /Users/vinodrathod/.rbenv/versions/2.2.3/lib/ruby/gems/2.2.0/gems/actionpack-4.2.4/lib/action_dispatch/middleware/templates/rescues/_source.erb (6.0ms)
  Rendered /Users/vinodrathod/.rbenv/versions/2.2.3/lib/ruby/gems/2.2.0/gems/actionpack-4.2.4/lib/action_dispatch/middleware/templates/rescues/_trace.html.erb (2.7ms)
  Rendered /Users/vinodrathod/.rbenv/versions/2.2.3/lib/ruby/gems/2.2.0/gems/actionpack-4.2.4/lib/action_dispatch/middleware/templates/rescues/_request_and_response.html.erb (2.4ms)
  Rendered /Users/vinodrathod/.rbenv/versions/2.2.3/lib/ruby/gems/2.2.0/gems/actionpack-4.2.4/lib/action_dispatch/middleware/templates/rescues/diagnostics.html.erb within rescues/layout (60.9ms)
  Rendered /Users/vinodrathod/.rbenv/versions/2.2.3/lib/ruby/gems/2.2.0/gems/web-console-2.3.0/lib/web_console/templates/_markup.html.erb (0.5ms)
  Rendered /Users/vinodrathod/.rbenv/versions/2.2.3/lib/ruby/gems/2.2.0/gems/web-console-2.3.0/lib/web_console/templates/_inner_console_markup.html.erb within layouts/inlined_string (0.5ms)
  Rendered /Users/vinodrathod/.rbenv/versions/2.2.3/lib/ruby/gems/2.2.0/gems/web-console-2.3.0/lib/web_console/templates/_prompt_box_markup.html.erb within layouts/inlined_string (0.4ms)
  Rendered /Users/vinodrathod/.rbenv/versions/2.2.3/lib/ruby/gems/2.2.0/gems/web-console-2.3.0/lib/web_console/templates/style.css.erb within layouts/inlined_string (0.5ms)
  Rendered /Users/vinodrathod/.rbenv/versions/2.2.3/lib/ruby/gems/2.2.0/gems/web-console-2.3.0/lib/web_console/templates/console.js.erb within layouts/javascript (51.3ms)
  Rendered /Users/vinodrathod/.rbenv/versions/2.2.3/lib/ruby/gems/2.2.0/gems/web-console-2.3.0/lib/web_console/templates/main.js.erb within layouts/javascript (0.4ms)
  Rendered /Users/vinodrathod/.rbenv/versions/2.2.3/lib/ruby/gems/2.2.0/gems/web-console-2.3.0/lib/web_console/templates/error_page.js.erb within layouts/javascript (0.5ms)
  Rendered /Users/vinodrathod/.rbenv/versions/2.2.3/lib/ruby/gems/2.2.0/gems/web-console-2.3.0/lib/web_console/templates/index.html.erb (113.7ms)


Started GET "/users/57433a163085b3def5f51f08" for 127.0.0.1 at 2016-05-23 23:54:30 +0530
Processing by Api::V1::UsersController#show as JSON
  Parameters: {"subdomain"=>"api", "id"=>"57433a163085b3def5f51f08"}
MONGODB | localhost:27017 | dride_development.find | STARTED | {"find"=>"users", "filter"=>{"_id"=>BSON::ObjectId('57433a163085b3def5f51f08')}}
MONGODB | localhost:27017 | dride_development.find | SUCCEEDED | 0.000364s
Completed 404 Not Found in 2ms

Mongoid::Errors::DocumentNotFound (
message:
  Document(s) not found for class User with id(s) 57433a163085b3def5f51f08.
summary:
  When calling User.find with an id or array of ids, each parameter must match a document in the database or this error will be raised. The search was for the id(s): 57433a163085b3def5f51f08 ... (1 total) and the following ids were not found: 57433a163085b3def5f51f08.
resolution:
  Search for an id that is in the database or set the Mongoid.raise_not_found_error configuration option to false, which will cause a nil to be returned instead of raising this error when searching for a single id, or only the matched documents when searching for multiples.):
  app/controllers/api/v1/users_controller.rb:5:in `show'


  Rendered /Users/vinodrathod/.rbenv/versions/2.2.3/lib/ruby/gems/2.2.0/gems/actionpack-4.2.4/lib/action_dispatch/middleware/templates/rescues/_source.erb (7.9ms)
  Rendered /Users/vinodrathod/.rbenv/versions/2.2.3/lib/ruby/gems/2.2.0/gems/actionpack-4.2.4/lib/action_dispatch/middleware/templates/rescues/_trace.html.erb (2.2ms)
  Rendered /Users/vinodrathod/.rbenv/versions/2.2.3/lib/ruby/gems/2.2.0/gems/actionpack-4.2.4/lib/action_dispatch/middleware/templates/rescues/_request_and_response.html.erb (1.3ms)
  Rendered /Users/vinodrathod/.rbenv/versions/2.2.3/lib/ruby/gems/2.2.0/gems/actionpack-4.2.4/lib/action_dispatch/middleware/templates/rescues/diagnostics.html.erb within rescues/layout (61.1ms)
  Rendered /Users/vinodrathod/.rbenv/versions/2.2.3/lib/ruby/gems/2.2.0/gems/web-console-2.3.0/lib/web_console/templates/_markup.html.erb (0.4ms)
  Rendered /Users/vinodrathod/.rbenv/versions/2.2.3/lib/ruby/gems/2.2.0/gems/web-console-2.3.0/lib/web_console/templates/_inner_console_markup.html.erb within layouts/inlined_string (0.3ms)
  Rendered /Users/vinodrathod/.rbenv/versions/2.2.3/lib/ruby/gems/2.2.0/gems/web-console-2.3.0/lib/web_console/templates/_prompt_box_markup.html.erb within layouts/inlined_string (0.3ms)
  Rendered /Users/vinodrathod/.rbenv/versions/2.2.3/lib/ruby/gems/2.2.0/gems/web-console-2.3.0/lib/web_console/templates/style.css.erb within layouts/inlined_string (0.3ms)
  Rendered /Users/vinodrathod/.rbenv/versions/2.2.3/lib/ruby/gems/2.2.0/gems/web-console-2.3.0/lib/web_console/templates/console.js.erb within layouts/javascript (47.1ms)
  Rendered /Users/vinodrathod/.rbenv/versions/2.2.3/lib/ruby/gems/2.2.0/gems/web-console-2.3.0/lib/web_console/templates/main.js.erb within layouts/javascript (0.3ms)
  Rendered /Users/vinodrathod/.rbenv/versions/2.2.3/lib/ruby/gems/2.2.0/gems/web-console-2.3.0/lib/web_console/templates/error_page.js.erb within layouts/javascript (0.4ms)
  Rendered /Users/vinodrathod/.rbenv/versions/2.2.3/lib/ruby/gems/2.2.0/gems/web-console-2.3.0/lib/web_console/templates/index.html.erb (104.4ms)


Started GET "/users/1" for 127.0.0.1 at 2016-05-23 23:54:52 +0530
Processing by Api::V1::UsersController#show as JSON
  Parameters: {"subdomain"=>"api", "id"=>"1"}
MONGODB | localhost:27017 | dride_development.find | STARTED | {"find"=>"users", "filter"=>{"_id"=>"1"}}
MONGODB | localhost:27017 | dride_development.find | SUCCEEDED | 0.000301s
Completed 404 Not Found in 2ms

Mongoid::Errors::DocumentNotFound (
message:
  Document(s) not found for class User with id(s) 1.
summary:
  When calling User.find with an id or array of ids, each parameter must match a document in the database or this error will be raised. The search was for the id(s): 1 ... (1 total) and the following ids were not found: 1.
resolution:
  Search for an id that is in the database or set the Mongoid.raise_not_found_error configuration option to false, which will cause a nil to be returned instead of raising this error when searching for a single id, or only the matched documents when searching for multiples.):
  app/controllers/api/v1/users_controller.rb:5:in `show'


  Rendered /Users/vinodrathod/.rbenv/versions/2.2.3/lib/ruby/gems/2.2.0/gems/actionpack-4.2.4/lib/action_dispatch/middleware/templates/rescues/_source.erb (5.9ms)
  Rendered /Users/vinodrathod/.rbenv/versions/2.2.3/lib/ruby/gems/2.2.0/gems/actionpack-4.2.4/lib/action_dispatch/middleware/templates/rescues/_trace.html.erb (2.8ms)
  Rendered /Users/vinodrathod/.rbenv/versions/2.2.3/lib/ruby/gems/2.2.0/gems/actionpack-4.2.4/lib/action_dispatch/middleware/templates/rescues/_request_and_response.html.erb (0.9ms)
  Rendered /Users/vinodrathod/.rbenv/versions/2.2.3/lib/ruby/gems/2.2.0/gems/actionpack-4.2.4/lib/action_dispatch/middleware/templates/rescues/diagnostics.html.erb within rescues/layout (61.1ms)
  Rendered /Users/vinodrathod/.rbenv/versions/2.2.3/lib/ruby/gems/2.2.0/gems/web-console-2.3.0/lib/web_console/templates/_markup.html.erb (0.5ms)
  Rendered /Users/vinodrathod/.rbenv/versions/2.2.3/lib/ruby/gems/2.2.0/gems/web-console-2.3.0/lib/web_console/templates/_inner_console_markup.html.erb within layouts/inlined_string (0.3ms)
  Rendered /Users/vinodrathod/.rbenv/versions/2.2.3/lib/ruby/gems/2.2.0/gems/web-console-2.3.0/lib/web_console/templates/_prompt_box_markup.html.erb within layouts/inlined_string (0.3ms)
  Rendered /Users/vinodrathod/.rbenv/versions/2.2.3/lib/ruby/gems/2.2.0/gems/web-console-2.3.0/lib/web_console/templates/style.css.erb within layouts/inlined_string (0.3ms)
  Rendered /Users/vinodrathod/.rbenv/versions/2.2.3/lib/ruby/gems/2.2.0/gems/web-console-2.3.0/lib/web_console/templates/console.js.erb within layouts/javascript (46.4ms)
  Rendered /Users/vinodrathod/.rbenv/versions/2.2.3/lib/ruby/gems/2.2.0/gems/web-console-2.3.0/lib/web_console/templates/main.js.erb within layouts/javascript (0.2ms)
  Rendered /Users/vinodrathod/.rbenv/versions/2.2.3/lib/ruby/gems/2.2.0/gems/web-console-2.3.0/lib/web_console/templates/error_page.js.erb within layouts/javascript (0.3ms)
  Rendered /Users/vinodrathod/.rbenv/versions/2.2.3/lib/ruby/gems/2.2.0/gems/web-console-2.3.0/lib/web_console/templates/index.html.erb (102.2ms)


Started GET "/users/1" for 127.0.0.1 at 2016-05-23 23:56:17 +0530
Processing by Api::V1::UsersController#show as JSON
  Parameters: {"subdomain"=>"api", "id"=>"1"}
MONGODB | localhost:27017 | dride_development.find | STARTED | {"find"=>"users", "filter"=>{"_id"=>"1"}}
MONGODB | localhost:27017 | dride_development.find | SUCCEEDED | 0.000372s
Completed 404 Not Found in 2ms

Mongoid::Errors::DocumentNotFound (
message:
  Document(s) not found for class User with id(s) 1.
summary:
  When calling User.find with an id or array of ids, each parameter must match a document in the database or this error will be raised. The search was for the id(s): 1 ... (1 total) and the following ids were not found: 1.
resolution:
  Search for an id that is in the database or set the Mongoid.raise_not_found_error configuration option to false, which will cause a nil to be returned instead of raising this error when searching for a single id, or only the matched documents when searching for multiples.):
  app/controllers/api/v1/users_controller.rb:5:in `show'


  Rendered /Users/vinodrathod/.rbenv/versions/2.2.3/lib/ruby/gems/2.2.0/gems/actionpack-4.2.4/lib/action_dispatch/middleware/templates/rescues/_source.erb (4.4ms)
  Rendered /Users/vinodrathod/.rbenv/versions/2.2.3/lib/ruby/gems/2.2.0/gems/actionpack-4.2.4/lib/action_dispatch/middleware/templates/rescues/_trace.html.erb (2.0ms)
  Rendered /Users/vinodrathod/.rbenv/versions/2.2.3/lib/ruby/gems/2.2.0/gems/actionpack-4.2.4/lib/action_dispatch/middleware/templates/rescues/_request_and_response.html.erb (1.1ms)
  Rendered /Users/vinodrathod/.rbenv/versions/2.2.3/lib/ruby/gems/2.2.0/gems/actionpack-4.2.4/lib/action_dispatch/middleware/templates/rescues/diagnostics.html.erb within rescues/layout (53.8ms)
  Rendered /Users/vinodrathod/.rbenv/versions/2.2.3/lib/ruby/gems/2.2.0/gems/web-console-2.3.0/lib/web_console/templates/_markup.html.erb (0.3ms)
  Rendered /Users/vinodrathod/.rbenv/versions/2.2.3/lib/ruby/gems/2.2.0/gems/web-console-2.3.0/lib/web_console/templates/_inner_console_markup.html.erb within layouts/inlined_string (0.4ms)
  Rendered /Users/vinodrathod/.rbenv/versions/2.2.3/lib/ruby/gems/2.2.0/gems/web-console-2.3.0/lib/web_console/templates/_prompt_box_markup.html.erb within layouts/inlined_string (0.3ms)
  Rendered /Users/vinodrathod/.rbenv/versions/2.2.3/lib/ruby/gems/2.2.0/gems/web-console-2.3.0/lib/web_console/templates/style.css.erb within layouts/inlined_string (0.3ms)
  Rendered /Users/vinodrathod/.rbenv/versions/2.2.3/lib/ruby/gems/2.2.0/gems/web-console-2.3.0/lib/web_console/templates/console.js.erb within layouts/javascript (54.2ms)
  Rendered /Users/vinodrathod/.rbenv/versions/2.2.3/lib/ruby/gems/2.2.0/gems/web-console-2.3.0/lib/web_console/templates/main.js.erb within layouts/javascript (0.3ms)
  Rendered /Users/vinodrathod/.rbenv/versions/2.2.3/lib/ruby/gems/2.2.0/gems/web-console-2.3.0/lib/web_console/templates/error_page.js.erb within layouts/javascript (0.4ms)
  Rendered /Users/vinodrathod/.rbenv/versions/2.2.3/lib/ruby/gems/2.2.0/gems/web-console-2.3.0/lib/web_console/templates/index.html.erb (107.3ms)


Started GET "/users" for 127.0.0.1 at 2016-05-23 23:56:23 +0530

ActionController::RoutingError (No route matches [GET] "/users"):
  actionpack (4.2.4) lib/action_dispatch/middleware/debug_exceptions.rb:21:in `call'
  web-console (2.3.0) lib/web_console/middleware.rb:28:in `block in call'
  web-console (2.3.0) lib/web_console/middleware.rb:18:in `catch'
  web-console (2.3.0) lib/web_console/middleware.rb:18:in `call'
  actionpack (4.2.4) lib/action_dispatch/middleware/show_exceptions.rb:30:in `call'
  railties (4.2.4) lib/rails/rack/logger.rb:38:in `call_app'
  railties (4.2.4) lib/rails/rack/logger.rb:20:in `block in call'
  activesupport (4.2.4) lib/active_support/tagged_logging.rb:68:in `block in tagged'
  activesupport (4.2.4) lib/active_support/tagged_logging.rb:26:in `tagged'
  activesupport (4.2.4) lib/active_support/tagged_logging.rb:68:in `tagged'
  railties (4.2.4) lib/rails/rack/logger.rb:20:in `call'
  actionpack (4.2.4) lib/action_dispatch/middleware/request_id.rb:21:in `call'
  rack (1.6.4) lib/rack/methodoverride.rb:22:in `call'
  rack (1.6.4) lib/rack/runtime.rb:18:in `call'
  activesupport (4.2.4) lib/active_support/cache/strategy/local_cache_middleware.rb:28:in `call'
  rack (1.6.4) lib/rack/lock.rb:17:in `call'
  actionpack (4.2.4) lib/action_dispatch/middleware/static.rb:116:in `call'
  rack (1.6.4) lib/rack/sendfile.rb:113:in `call'
  railties (4.2.4) lib/rails/engine.rb:518:in `call'
  railties (4.2.4) lib/rails/application.rb:165:in `call'
  /Users/vinodrathod/Library/Application Support/Pow/Versions/0.5.0/node_modules/nack/lib/nack/server.rb:155:in `handle'
  /Users/vinodrathod/Library/Application Support/Pow/Versions/0.5.0/node_modules/nack/lib/nack/server.rb:109:in `rescue in block (2 levels) in start'
  /Users/vinodrathod/Library/Application Support/Pow/Versions/0.5.0/node_modules/nack/lib/nack/server.rb:106:in `block (2 levels) in start'
  /Users/vinodrathod/Library/Application Support/Pow/Versions/0.5.0/node_modules/nack/lib/nack/server.rb:96:in `each'
  /Users/vinodrathod/Library/Application Support/Pow/Versions/0.5.0/node_modules/nack/lib/nack/server.rb:96:in `block in start'
  /Users/vinodrathod/Library/Application Support/Pow/Versions/0.5.0/node_modules/nack/lib/nack/server.rb:76:in `loop'
  /Users/vinodrathod/Library/Application Support/Pow/Versions/0.5.0/node_modules/nack/lib/nack/server.rb:76:in `start'
  /Users/vinodrathod/Library/Application Support/Pow/Versions/0.5.0/node_modules/nack/lib/nack/server.rb:12:in `run'
  /Users/vinodrathod/Library/Application Support/Pow/Versions/0.5.0/node_modules/nack/bin/nack_worker:4:in `<main>'


  Rendered /Users/vinodrathod/.rbenv/versions/2.2.3/lib/ruby/gems/2.2.0/gems/actionpack-4.2.4/lib/action_dispatch/middleware/templates/rescues/_trace.html.erb (1.4ms)
  Rendered /Users/vinodrathod/.rbenv/versions/2.2.3/lib/ruby/gems/2.2.0/gems/actionpack-4.2.4/lib/action_dispatch/middleware/templates/routes/_route.html.erb (1.6ms)
  Rendered /Users/vinodrathod/.rbenv/versions/2.2.3/lib/ruby/gems/2.2.0/gems/actionpack-4.2.4/lib/action_dispatch/middleware/templates/routes/_table.html.erb (13.4ms)
  Rendered /Users/vinodrathod/.rbenv/versions/2.2.3/lib/ruby/gems/2.2.0/gems/actionpack-4.2.4/lib/action_dispatch/middleware/templates/rescues/_request_and_response.html.erb (1.0ms)
  Rendered /Users/vinodrathod/.rbenv/versions/2.2.3/lib/ruby/gems/2.2.0/gems/actionpack-4.2.4/lib/action_dispatch/middleware/templates/rescues/routing_error.html.erb within rescues/layout (85.8ms)
  Rendered /Users/vinodrathod/.rbenv/versions/2.2.3/lib/ruby/gems/2.2.0/gems/web-console-2.3.0/lib/web_console/templates/_markup.html.erb (0.3ms)
  Rendered /Users/vinodrathod/.rbenv/versions/2.2.3/lib/ruby/gems/2.2.0/gems/web-console-2.3.0/lib/web_console/templates/_inner_console_markup.html.erb within layouts/inlined_string (0.3ms)
  Rendered /Users/vinodrathod/.rbenv/versions/2.2.3/lib/ruby/gems/2.2.0/gems/web-console-2.3.0/lib/web_console/templates/_prompt_box_markup.html.erb within layouts/inlined_string (0.3ms)
  Rendered /Users/vinodrathod/.rbenv/versions/2.2.3/lib/ruby/gems/2.2.0/gems/web-console-2.3.0/lib/web_console/templates/style.css.erb within layouts/inlined_string (0.3ms)
  Rendered /Users/vinodrathod/.rbenv/versions/2.2.3/lib/ruby/gems/2.2.0/gems/web-console-2.3.0/lib/web_console/templates/console.js.erb within layouts/javascript (49.4ms)
  Rendered /Users/vinodrathod/.rbenv/versions/2.2.3/lib/ruby/gems/2.2.0/gems/web-console-2.3.0/lib/web_console/templates/main.js.erb within layouts/javascript (0.3ms)
  Rendered /Users/vinodrathod/.rbenv/versions/2.2.3/lib/ruby/gems/2.2.0/gems/web-console-2.3.0/lib/web_console/templates/error_page.js.erb within layouts/javascript (0.6ms)
  Rendered /Users/vinodrathod/.rbenv/versions/2.2.3/lib/ruby/gems/2.2.0/gems/web-console-2.3.0/lib/web_console/templates/index.html.erb (103.3ms)


Started GET "/users/sign_in" for 127.0.0.1 at 2016-05-23 23:56:54 +0530
Processing by Devise::SessionsController#new as HTML
  Rendered /Users/vinodrathod/.rbenv/versions/2.2.3/lib/ruby/gems/2.2.0/gems/devise-4.1.1/app/views/devise/shared/_links.html.erb (1.3ms)
  Rendered /Users/vinodrathod/.rbenv/versions/2.2.3/lib/ruby/gems/2.2.0/gems/devise-4.1.1/app/views/devise/sessions/new.html.erb within layouts/application (28.7ms)
Completed 500 Internal Server Error in 285ms

ActionView::Template::Error (couldn't find file 'turbolinks' with type 'application/javascript'):
    2: <html>
    3: <head>
    4:   <title>Dride</title>
    5:   <%= stylesheet_link_tag    'application', media: 'all', 'data-turbolinks-track' => true %>
    6:   <%= javascript_include_tag 'application', 'data-turbolinks-track' => true %>
    7:   <%= csrf_meta_tags %>
    8: </head>
  app/assets/javascripts/application.js:15
  app/views/layouts/application.html.erb:5:in `_app_views_layouts_application_html_erb__2443970872943834676_70192761709440'


  Rendered /Users/vinodrathod/.rbenv/versions/2.2.3/lib/ruby/gems/2.2.0/gems/actionpack-4.2.4/lib/action_dispatch/middleware/templates/rescues/_source.erb (8.6ms)
  Rendered /Users/vinodrathod/.rbenv/versions/2.2.3/lib/ruby/gems/2.2.0/gems/actionpack-4.2.4/lib/action_dispatch/middleware/templates/rescues/_trace.html.erb (4.2ms)
  Rendered /Users/vinodrathod/.rbenv/versions/2.2.3/lib/ruby/gems/2.2.0/gems/actionpack-4.2.4/lib/action_dispatch/middleware/templates/rescues/_request_and_response.html.erb (1.0ms)
  Rendered /Users/vinodrathod/.rbenv/versions/2.2.3/lib/ruby/gems/2.2.0/gems/actionpack-4.2.4/lib/action_dispatch/middleware/templates/rescues/template_error.html.erb within rescues/layout (67.7ms)
  Rendered /Users/vinodrathod/.rbenv/versions/2.2.3/lib/ruby/gems/2.2.0/gems/web-console-2.3.0/lib/web_console/templates/_markup.html.erb (0.3ms)
  Rendered /Users/vinodrathod/.rbenv/versions/2.2.3/lib/ruby/gems/2.2.0/gems/web-console-2.3.0/lib/web_console/templates/_inner_console_markup.html.erb within layouts/inlined_string (0.3ms)
  Rendered /Users/vinodrathod/.rbenv/versions/2.2.3/lib/ruby/gems/2.2.0/gems/web-console-2.3.0/lib/web_console/templates/_prompt_box_markup.html.erb within layouts/inlined_string (0.3ms)
  Rendered /Users/vinodrathod/.rbenv/versions/2.2.3/lib/ruby/gems/2.2.0/gems/web-console-2.3.0/lib/web_console/templates/style.css.erb within layouts/inlined_string (0.4ms)
  Rendered /Users/vinodrathod/.rbenv/versions/2.2.3/lib/ruby/gems/2.2.0/gems/web-console-2.3.0/lib/web_console/templates/console.js.erb within layouts/javascript (47.5ms)
  Rendered /Users/vinodrathod/.rbenv/versions/2.2.3/lib/ruby/gems/2.2.0/gems/web-console-2.3.0/lib/web_console/templates/main.js.erb within layouts/javascript (0.4ms)
  Rendered /Users/vinodrathod/.rbenv/versions/2.2.3/lib/ruby/gems/2.2.0/gems/web-console-2.3.0/lib/web_console/templates/error_page.js.erb within layouts/javascript (0.6ms)
  Rendered /Users/vinodrathod/.rbenv/versions/2.2.3/lib/ruby/gems/2.2.0/gems/web-console-2.3.0/lib/web_console/templates/index.html.erb (109.9ms)


Started GET "/" for 127.0.0.1 at 2016-05-23 23:58:04 +0530
Processing by Rails::WelcomeController#index as HTML
  Rendered /Users/vinodrathod/.rbenv/versions/2.2.3/lib/ruby/gems/2.2.0/gems/railties-4.2.4/lib/rails/templates/rails/welcome/index.html.erb (0.1ms)
Completed 200 OK in 3ms (Views: 2.5ms)


Started GET "/users" for 127.0.0.1 at 2016-05-23 23:58:09 +0530

ActionController::RoutingError (No route matches [GET] "/users"):
  actionpack (4.2.4) lib/action_dispatch/middleware/debug_exceptions.rb:21:in `call'
  web-console (2.3.0) lib/web_console/middleware.rb:28:in `block in call'
  web-console (2.3.0) lib/web_console/middleware.rb:18:in `catch'
  web-console (2.3.0) lib/web_console/middleware.rb:18:in `call'
  actionpack (4.2.4) lib/action_dispatch/middleware/show_exceptions.rb:30:in `call'
  railties (4.2.4) lib/rails/rack/logger.rb:38:in `call_app'
  railties (4.2.4) lib/rails/rack/logger.rb:20:in `block in call'
  activesupport (4.2.4) lib/active_support/tagged_logging.rb:68:in `block in tagged'
  activesupport (4.2.4) lib/active_support/tagged_logging.rb:26:in `tagged'
  activesupport (4.2.4) lib/active_support/tagged_logging.rb:68:in `tagged'
  railties (4.2.4) lib/rails/rack/logger.rb:20:in `call'
  actionpack (4.2.4) lib/action_dispatch/middleware/request_id.rb:21:in `call'
  rack (1.6.4) lib/rack/methodoverride.rb:22:in `call'
  rack (1.6.4) lib/rack/runtime.rb:18:in `call'
  activesupport (4.2.4) lib/active_support/cache/strategy/local_cache_middleware.rb:28:in `call'
  rack (1.6.4) lib/rack/lock.rb:17:in `call'
  actionpack (4.2.4) lib/action_dispatch/middleware/static.rb:116:in `call'
  rack (1.6.4) lib/rack/sendfile.rb:113:in `call'
  railties (4.2.4) lib/rails/engine.rb:518:in `call'
  railties (4.2.4) lib/rails/application.rb:165:in `call'
  /Users/vinodrathod/Library/Application Support/Pow/Versions/0.5.0/node_modules/nack/lib/nack/server.rb:155:in `handle'
  /Users/vinodrathod/Library/Application Support/Pow/Versions/0.5.0/node_modules/nack/lib/nack/server.rb:109:in `rescue in block (2 levels) in start'
  /Users/vinodrathod/Library/Application Support/Pow/Versions/0.5.0/node_modules/nack/lib/nack/server.rb:106:in `block (2 levels) in start'
  /Users/vinodrathod/Library/Application Support/Pow/Versions/0.5.0/node_modules/nack/lib/nack/server.rb:96:in `each'
  /Users/vinodrathod/Library/Application Support/Pow/Versions/0.5.0/node_modules/nack/lib/nack/server.rb:96:in `block in start'
  /Users/vinodrathod/Library/Application Support/Pow/Versions/0.5.0/node_modules/nack/lib/nack/server.rb:76:in `loop'
  /Users/vinodrathod/Library/Application Support/Pow/Versions/0.5.0/node_modules/nack/lib/nack/server.rb:76:in `start'
  /Users/vinodrathod/Library/Application Support/Pow/Versions/0.5.0/node_modules/nack/lib/nack/server.rb:12:in `run'
  /Users/vinodrathod/Library/Application Support/Pow/Versions/0.5.0/node_modules/nack/bin/nack_worker:4:in `<main>'


  Rendered /Users/vinodrathod/.rbenv/versions/2.2.3/lib/ruby/gems/2.2.0/gems/actionpack-4.2.4/lib/action_dispatch/middleware/templates/rescues/_trace.html.erb (1.5ms)
  Rendered /Users/vinodrathod/.rbenv/versions/2.2.3/lib/ruby/gems/2.2.0/gems/actionpack-4.2.4/lib/action_dispatch/middleware/templates/routes/_route.html.erb (2.0ms)
  Rendered /Users/vinodrathod/.rbenv/versions/2.2.3/lib/ruby/gems/2.2.0/gems/actionpack-4.2.4/lib/action_dispatch/middleware/templates/routes/_table.html.erb (1.4ms)
  Rendered /Users/vinodrathod/.rbenv/versions/2.2.3/lib/ruby/gems/2.2.0/gems/actionpack-4.2.4/lib/action_dispatch/middleware/templates/rescues/_request_and_response.html.erb (1.1ms)
  Rendered /Users/vinodrathod/.rbenv/versions/2.2.3/lib/ruby/gems/2.2.0/gems/actionpack-4.2.4/lib/action_dispatch/middleware/templates/rescues/routing_error.html.erb within rescues/layout (80.6ms)
  Rendered /Users/vinodrathod/.rbenv/versions/2.2.3/lib/ruby/gems/2.2.0/gems/web-console-2.3.0/lib/web_console/templates/_markup.html.erb (0.4ms)
  Rendered /Users/vinodrathod/.rbenv/versions/2.2.3/lib/ruby/gems/2.2.0/gems/web-console-2.3.0/lib/web_console/templates/_inner_console_markup.html.erb within layouts/inlined_string (0.4ms)
  Rendered /Users/vinodrathod/.rbenv/versions/2.2.3/lib/ruby/gems/2.2.0/gems/web-console-2.3.0/lib/web_console/templates/_prompt_box_markup.html.erb within layouts/inlined_string (0.3ms)
  Rendered /Users/vinodrathod/.rbenv/versions/2.2.3/lib/ruby/gems/2.2.0/gems/web-console-2.3.0/lib/web_console/templates/style.css.erb within layouts/inlined_string (0.3ms)
  Rendered /Users/vinodrathod/.rbenv/versions/2.2.3/lib/ruby/gems/2.2.0/gems/web-console-2.3.0/lib/web_console/templates/console.js.erb within layouts/javascript (46.9ms)
  Rendered /Users/vinodrathod/.rbenv/versions/2.2.3/lib/ruby/gems/2.2.0/gems/web-console-2.3.0/lib/web_console/templates/main.js.erb within layouts/javascript (0.4ms)
  Rendered /Users/vinodrathod/.rbenv/versions/2.2.3/lib/ruby/gems/2.2.0/gems/web-console-2.3.0/lib/web_console/templates/error_page.js.erb within layouts/javascript (0.4ms)
  Rendered /Users/vinodrathod/.rbenv/versions/2.2.3/lib/ruby/gems/2.2.0/gems/web-console-2.3.0/lib/web_console/templates/index.html.erb (106.2ms)
MONGODB | localhost:27017 | dride_development.count | STARTED | {"count"=>"users", "query"=>{}}
MONGODB | localhost:27017 | dride_development.count | SUCCEEDED | 0.014492000000000001s
MONGODB | localhost:27017 | dride_development.find | STARTED | {"find"=>"users", "filter"=>{}, "limit"=>1, "singleBatch"=>true}
MONGODB | localhost:27017 | dride_development.find | SUCCEEDED | 0.008839000000000001s
MONGODB | localhost:27017 | dride_development.find | STARTED | {"find"=>"users", "filter"=>{}, "limit"=>1, "singleBatch"=>true}
MONGODB | localhost:27017 | dride_development.find | SUCCEEDED | 0.000589s
MONGODB | localhost:27017 | dride_development.listCollections | STARTED | {"listCollections"=>1, "cursor"=>{}, "filter"=>{:name=>{"$not"=>/system\.|\$/}}}
MONGODB | localhost:27017 | dride_development.listCollections | SUCCEEDED | 0.009850000000000001s
MONGODB | localhost:27017 | dride_development.find | STARTED | {"find"=>"users", "filter"=>{"email"=>"example@dride.com"}}
MONGODB | localhost:27017 | dride_development.find | SUCCEEDED | 0.020054000000000002s
MONGODB | localhost:27017 | dride_development.find | STARTED | {"find"=>"users", "filter"=>{"email"=>"example@dride.com"}, "projection"=>{"_id"=>1}, "limit"=>1}
MONGODB | localhost:27017 | dride_development.find | SUCCEEDED | 0.001713s
MONGODB | localhost:27017 | dride_development.count | STARTED | {"count"=>"users", "query"=>{}}
MONGODB | localhost:27017 | dride_development.count | SUCCEEDED | 0.0023510000000000002s
MONGODB | Adding localhost:27017 to the cluster.
MONGODB | localhost:27017 | dride_development.find | STARTED | {"find"=>"users", "filter"=>{"email"=>"example@dride.com"}, "projection"=>{"_id"=>1}, "limit"=>1}
MONGODB | localhost:27017 | dride_development.find | SUCCEEDED | 0.0009369999999999999s
MONGODB | localhost:27017 | dride_development.count | STARTED | {"count"=>"users", "query"=>{}}
MONGODB | localhost:27017 | dride_development.count | SUCCEEDED | 0.000512s
MONGODB | localhost:27017 | dride_development.find | STARTED | {"find"=>"users", "filter"=>{"email"=>"example@dride.com"}, "projection"=>{"_id"=>1}, "limit"=>1}
MONGODB | localhost:27017 | dride_development.find | SUCCEEDED | 0.00043599999999999997s
MONGODB | localhost:27017 | dride_development.insert | STARTED | {"insert"=>"users", "documents"=>[{"_id"=>BSON::ObjectId('574365ea3085b3f83ef51f09'), "name"=>"Test Dride", "email"=>"example@dride.com", "encrypted_password"=>"$2a$10$CSvgVJOhSBKaNczbAMAcKefPoRYUJ4bTW9vXXkzE/dGaOOBdzF8V2", "sign_in_count"=>0}], "orde...
MONGODB | localhost:27017 | dride_development.insert | SUCCEEDED | 0.047405s
MONGODB | localhost:27017 | dride_development.count | STARTED | {"count"=>"users", "query"=>{}}
MONGODB | localhost:27017 | dride_development.count | SUCCEEDED | 0.00041000000000000005s


Started GET "/users/1" for 127.0.0.1 at 2016-05-24 01:50:45 +0530
Processing by Api::V1::UsersController#show as JSON
  Parameters: {"subdomain"=>"api", "id"=>"1"}
MONGODB | Unsupported client option 'raise_not_found_error'. It will be ignored.
MONGODB | Adding localhost:27017 to the cluster.
MONGODB | localhost:27017 | dride_development.find | STARTED | {"find"=>"users", "filter"=>{"_id"=>"1"}}
MONGODB | localhost:27017 | dride_development.find | SUCCEEDED | 0.001186s
Completed 404 Not Found in 51ms

Mongoid::Errors::DocumentNotFound (
message:
  Document(s) not found for class User with id(s) 1.
summary:
  When calling User.find with an id or array of ids, each parameter must match a document in the database or this error will be raised. The search was for the id(s): 1 ... (1 total) and the following ids were not found: 1.
resolution:
  Search for an id that is in the database or set the Mongoid.raise_not_found_error configuration option to false, which will cause a nil to be returned instead of raising this error when searching for a single id, or only the matched documents when searching for multiples.):
  app/controllers/api/v1/users_controller.rb:5:in `show'


  Rendered /Users/vinodrathod/.rbenv/versions/2.2.3/lib/ruby/gems/2.2.0/gems/actionpack-4.2.4/lib/action_dispatch/middleware/templates/rescues/_source.erb (4.9ms)
  Rendered /Users/vinodrathod/.rbenv/versions/2.2.3/lib/ruby/gems/2.2.0/gems/actionpack-4.2.4/lib/action_dispatch/middleware/templates/rescues/_trace.html.erb (2.1ms)
  Rendered /Users/vinodrathod/.rbenv/versions/2.2.3/lib/ruby/gems/2.2.0/gems/actionpack-4.2.4/lib/action_dispatch/middleware/templates/rescues/_request_and_response.html.erb (9.2ms)
  Rendered /Users/vinodrathod/.rbenv/versions/2.2.3/lib/ruby/gems/2.2.0/gems/actionpack-4.2.4/lib/action_dispatch/middleware/templates/rescues/diagnostics.html.erb within rescues/layout (65.9ms)
  Rendered /Users/vinodrathod/.rbenv/versions/2.2.3/lib/ruby/gems/2.2.0/gems/web-console-2.3.0/lib/web_console/templates/_markup.html.erb (0.5ms)
  Rendered /Users/vinodrathod/.rbenv/versions/2.2.3/lib/ruby/gems/2.2.0/gems/web-console-2.3.0/lib/web_console/templates/_inner_console_markup.html.erb within layouts/inlined_string (0.3ms)
  Rendered /Users/vinodrathod/.rbenv/versions/2.2.3/lib/ruby/gems/2.2.0/gems/web-console-2.3.0/lib/web_console/templates/_prompt_box_markup.html.erb within layouts/inlined_string (0.3ms)
  Rendered /Users/vinodrathod/.rbenv/versions/2.2.3/lib/ruby/gems/2.2.0/gems/web-console-2.3.0/lib/web_console/templates/style.css.erb within layouts/inlined_string (0.4ms)
  Rendered /Users/vinodrathod/.rbenv/versions/2.2.3/lib/ruby/gems/2.2.0/gems/web-console-2.3.0/lib/web_console/templates/console.js.erb within layouts/javascript (47.1ms)
  Rendered /Users/vinodrathod/.rbenv/versions/2.2.3/lib/ruby/gems/2.2.0/gems/web-console-2.3.0/lib/web_console/templates/main.js.erb within layouts/javascript (0.3ms)
  Rendered /Users/vinodrathod/.rbenv/versions/2.2.3/lib/ruby/gems/2.2.0/gems/web-console-2.3.0/lib/web_console/templates/error_page.js.erb within layouts/javascript (0.4ms)
  Rendered /Users/vinodrathod/.rbenv/versions/2.2.3/lib/ruby/gems/2.2.0/gems/web-console-2.3.0/lib/web_console/templates/index.html.erb (113.8ms)


Started GET "/users/574365ea3085b3f83ef51f09" for 127.0.0.1 at 2016-05-24 01:51:01 +0530
Processing by Api::V1::UsersController#show as JSON
  Parameters: {"subdomain"=>"api", "id"=>"574365ea3085b3f83ef51f09"}
MONGODB | localhost:27017 | dride_development.find | STARTED | {"find"=>"users", "filter"=>{"_id"=>BSON::ObjectId('574365ea3085b3f83ef51f09')}}
MONGODB | localhost:27017 | dride_development.find | SUCCEEDED | 0.0004s
[active_model_serializers] Rendered ActiveModel::Serializer::Null with User (0.52ms)
Completed 200 OK in 15ms (Views: 8.1ms)


Started GET "/" for 127.0.0.1 at 2016-05-27 04:23:40 +0530
Processing by Rails::WelcomeController#index as HTML
  Rendered /Users/vinodrathod/.rbenv/versions/2.2.3/lib/ruby/gems/2.2.0/gems/railties-4.2.4/lib/rails/templates/rails/welcome/index.html.erb (2.9ms)
Completed 200 OK in 23ms (Views: 13.3ms)


Started GET "/" for 127.0.0.1 at 2016-05-27 04:24:01 +0530
Processing by Rails::WelcomeController#index as HTML
  Rendered /Users/vinodrathod/.rbenv/versions/2.2.3/lib/ruby/gems/2.2.0/gems/railties-4.2.4/lib/rails/templates/rails/welcome/index.html.erb (0.7ms)
Completed 200 OK in 5ms (Views: 3.8ms)


Started GET "/" for 127.0.0.1 at 2016-05-27 04:24:05 +0530
Processing by Rails::WelcomeController#index as HTML
  Rendered /Users/vinodrathod/.rbenv/versions/2.2.3/lib/ruby/gems/2.2.0/gems/railties-4.2.4/lib/rails/templates/rails/welcome/index.html.erb (0.7ms)
Completed 200 OK in 5ms (Views: 3.9ms)


Started GET "/users" for 127.0.0.1 at 2016-05-27 04:24:07 +0530

ActionController::RoutingError (No route matches [GET] "/users"):
  actionpack (4.2.4) lib/action_dispatch/middleware/debug_exceptions.rb:21:in `call'
  newrelic_rpm (3.15.2.317) lib/new_relic/agent/instrumentation/middleware_tracing.rb:96:in `call'
  web-console (2.3.0) lib/web_console/middleware.rb:28:in `block in call'
  web-console (2.3.0) lib/web_console/middleware.rb:18:in `catch'
  web-console (2.3.0) lib/web_console/middleware.rb:18:in `call'
  newrelic_rpm (3.15.2.317) lib/new_relic/agent/instrumentation/middleware_tracing.rb:96:in `call'
  actionpack (4.2.4) lib/action_dispatch/middleware/show_exceptions.rb:30:in `call'
  newrelic_rpm (3.15.2.317) lib/new_relic/agent/instrumentation/middleware_tracing.rb:96:in `call'
  railties (4.2.4) lib/rails/rack/logger.rb:38:in `call_app'
  railties (4.2.4) lib/rails/rack/logger.rb:20:in `block in call'
  activesupport (4.2.4) lib/active_support/tagged_logging.rb:68:in `block in tagged'
  activesupport (4.2.4) lib/active_support/tagged_logging.rb:26:in `tagged'
  activesupport (4.2.4) lib/active_support/tagged_logging.rb:68:in `tagged'
  railties (4.2.4) lib/rails/rack/logger.rb:20:in `call'
  newrelic_rpm (3.15.2.317) lib/new_relic/agent/instrumentation/middleware_tracing.rb:96:in `call'
  actionpack (4.2.4) lib/action_dispatch/middleware/request_id.rb:21:in `call'
  newrelic_rpm (3.15.2.317) lib/new_relic/agent/instrumentation/middleware_tracing.rb:96:in `call'
  rack (1.6.4) lib/rack/methodoverride.rb:22:in `call'
  newrelic_rpm (3.15.2.317) lib/new_relic/agent/instrumentation/middleware_tracing.rb:96:in `call'
  rack (1.6.4) lib/rack/runtime.rb:18:in `call'
  newrelic_rpm (3.15.2.317) lib/new_relic/agent/instrumentation/middleware_tracing.rb:96:in `call'
  activesupport (4.2.4) lib/active_support/cache/strategy/local_cache_middleware.rb:28:in `call'
  newrelic_rpm (3.15.2.317) lib/new_relic/agent/instrumentation/middleware_tracing.rb:96:in `call'
  rack (1.6.4) lib/rack/lock.rb:17:in `call'
  newrelic_rpm (3.15.2.317) lib/new_relic/agent/instrumentation/middleware_tracing.rb:96:in `call'
  actionpack (4.2.4) lib/action_dispatch/middleware/static.rb:116:in `call'
  newrelic_rpm (3.15.2.317) lib/new_relic/agent/instrumentation/middleware_tracing.rb:96:in `call'
  rack (1.6.4) lib/rack/sendfile.rb:113:in `call'
  newrelic_rpm (3.15.2.317) lib/new_relic/agent/instrumentation/middleware_tracing.rb:96:in `call'
  railties (4.2.4) lib/rails/engine.rb:518:in `call'
  railties (4.2.4) lib/rails/application.rb:165:in `call'
  newrelic_rpm (3.15.2.317) lib/new_relic/agent/instrumentation/middleware_tracing.rb:96:in `call'
  /Users/vinodrathod/Library/Application Support/Pow/Versions/0.5.0/node_modules/nack/lib/nack/server.rb:155:in `handle'
  /Users/vinodrathod/Library/Application Support/Pow/Versions/0.5.0/node_modules/nack/lib/nack/server.rb:109:in `rescue in block (2 levels) in start'
  /Users/vinodrathod/Library/Application Support/Pow/Versions/0.5.0/node_modules/nack/lib/nack/server.rb:106:in `block (2 levels) in start'
  /Users/vinodrathod/Library/Application Support/Pow/Versions/0.5.0/node_modules/nack/lib/nack/server.rb:96:in `each'
  /Users/vinodrathod/Library/Application Support/Pow/Versions/0.5.0/node_modules/nack/lib/nack/server.rb:96:in `block in start'
  /Users/vinodrathod/Library/Application Support/Pow/Versions/0.5.0/node_modules/nack/lib/nack/server.rb:76:in `loop'
  /Users/vinodrathod/Library/Application Support/Pow/Versions/0.5.0/node_modules/nack/lib/nack/server.rb:76:in `start'
  /Users/vinodrathod/Library/Application Support/Pow/Versions/0.5.0/node_modules/nack/lib/nack/server.rb:12:in `run'
  /Users/vinodrathod/Library/Application Support/Pow/Versions/0.5.0/node_modules/nack/bin/nack_worker:4:in `<main>'


  Rendered /Users/vinodrathod/.rbenv/versions/2.2.3/lib/ruby/gems/2.2.0/gems/actionpack-4.2.4/lib/action_dispatch/middleware/templates/rescues/_trace.html.erb (2.5ms)
  Rendered /Users/vinodrathod/.rbenv/versions/2.2.3/lib/ruby/gems/2.2.0/gems/actionpack-4.2.4/lib/action_dispatch/middleware/templates/routes/_route.html.erb (7.6ms)
  Rendered /Users/vinodrathod/.rbenv/versions/2.2.3/lib/ruby/gems/2.2.0/gems/actionpack-4.2.4/lib/action_dispatch/middleware/templates/routes/_table.html.erb (15.8ms)
  Rendered /Users/vinodrathod/.rbenv/versions/2.2.3/lib/ruby/gems/2.2.0/gems/actionpack-4.2.4/lib/action_dispatch/middleware/templates/rescues/_request_and_response.html.erb (2.2ms)
  Rendered /Users/vinodrathod/.rbenv/versions/2.2.3/lib/ruby/gems/2.2.0/gems/actionpack-4.2.4/lib/action_dispatch/middleware/templates/rescues/routing_error.html.erb within rescues/layout (116.0ms)
  Rendered /Users/vinodrathod/.rbenv/versions/2.2.3/lib/ruby/gems/2.2.0/gems/web-console-2.3.0/lib/web_console/templates/_markup.html.erb (0.7ms)
  Rendered /Users/vinodrathod/.rbenv/versions/2.2.3/lib/ruby/gems/2.2.0/gems/web-console-2.3.0/lib/web_console/templates/_inner_console_markup.html.erb within layouts/inlined_string (0.9ms)
  Rendered /Users/vinodrathod/.rbenv/versions/2.2.3/lib/ruby/gems/2.2.0/gems/web-console-2.3.0/lib/web_console/templates/_prompt_box_markup.html.erb within layouts/inlined_string (0.7ms)
  Rendered /Users/vinodrathod/.rbenv/versions/2.2.3/lib/ruby/gems/2.2.0/gems/web-console-2.3.0/lib/web_console/templates/style.css.erb within layouts/inlined_string (0.9ms)
  Rendered /Users/vinodrathod/.rbenv/versions/2.2.3/lib/ruby/gems/2.2.0/gems/web-console-2.3.0/lib/web_console/templates/console.js.erb within layouts/javascript (75.9ms)
  Rendered /Users/vinodrathod/.rbenv/versions/2.2.3/lib/ruby/gems/2.2.0/gems/web-console-2.3.0/lib/web_console/templates/main.js.erb within layouts/javascript (0.6ms)
  Rendered /Users/vinodrathod/.rbenv/versions/2.2.3/lib/ruby/gems/2.2.0/gems/web-console-2.3.0/lib/web_console/templates/error_page.js.erb within layouts/javascript (0.7ms)
  Rendered /Users/vinodrathod/.rbenv/versions/2.2.3/lib/ruby/gems/2.2.0/gems/web-console-2.3.0/lib/web_console/templates/index.html.erb (142.7ms)


Started GET "/users/1" for 127.0.0.1 at 2016-05-27 04:24:29 +0530
Processing by Api::V1::UsersController#show as JSON
  Parameters: {"subdomain"=>"api", "id"=>"1"}
MONGODB | Unsupported client option 'raise_not_found_error'. It will be ignored.
MONGODB | Adding localhost:27017 to the cluster.
MONGODB | Connection refused - connect(2) for 127.0.0.1:27017
MONGODB | Connection refused - connect(2) for 127.0.0.1:27017
MONGODB | Connection refused - connect(2) for 127.0.0.1:27017
MONGODB | Connection refused - connect(2) for 127.0.0.1:27017
MONGODB | Connection refused - connect(2) for 127.0.0.1:27017
MONGODB | Connection refused - connect(2) for 127.0.0.1:27017
MONGODB | Connection refused - connect(2) for 127.0.0.1:27017
MONGODB | Connection refused - connect(2) for 127.0.0.1:27017
MONGODB | Connection refused - connect(2) for 127.0.0.1:27017
MONGODB | Connection refused - connect(2) for 127.0.0.1:27017
MONGODB | Connection refused - connect(2) for 127.0.0.1:27017
MONGODB | Connection refused - connect(2) for 127.0.0.1:27017
MONGODB | Connection refused - connect(2) for 127.0.0.1:27017
MONGODB | Connection refused - connect(2) for 127.0.0.1:27017
MONGODB | Connection refused - connect(2) for 127.0.0.1:27017
MONGODB | Connection refused - connect(2) for 127.0.0.1:27017
MONGODB | Connection refused - connect(2) for 127.0.0.1:27017
MONGODB | Connection refused - connect(2) for 127.0.0.1:27017
MONGODB | Connection refused - connect(2) for 127.0.0.1:27017
MONGODB | Connection refused - connect(2) for 127.0.0.1:27017
MONGODB | Connection refused - connect(2) for 127.0.0.1:27017
MONGODB | Connection refused - connect(2) for 127.0.0.1:27017
MONGODB | Connection refused - connect(2) for 127.0.0.1:27017
MONGODB | Connection refused - connect(2) for 127.0.0.1:27017
MONGODB | Connection refused - connect(2) for 127.0.0.1:27017
MONGODB | Connection refused - connect(2) for 127.0.0.1:27017
MONGODB | Connection refused - connect(2) for 127.0.0.1:27017
MONGODB | Connection refused - connect(2) for 127.0.0.1:27017
MONGODB | Connection refused - connect(2) for 127.0.0.1:27017
MONGODB | Connection refused - connect(2) for 127.0.0.1:27017
MONGODB | Connection refused - connect(2) for 127.0.0.1:27017
MONGODB | Connection refused - connect(2) for 127.0.0.1:27017
MONGODB | Connection refused - connect(2) for 127.0.0.1:27017
MONGODB | Connection refused - connect(2) for 127.0.0.1:27017
MONGODB | Connection refused - connect(2) for 127.0.0.1:27017
MONGODB | Connection refused - connect(2) for 127.0.0.1:27017
MONGODB | Connection refused - connect(2) for 127.0.0.1:27017
MONGODB | Connection refused - connect(2) for 127.0.0.1:27017
MONGODB | Connection refused - connect(2) for 127.0.0.1:27017
MONGODB | Connection refused - connect(2) for 127.0.0.1:27017
MONGODB | Connection refused - connect(2) for 127.0.0.1:27017
MONGODB | Connection refused - connect(2) for 127.0.0.1:27017
MONGODB | Connection refused - connect(2) for 127.0.0.1:27017
MONGODB | Connection refused - connect(2) for 127.0.0.1:27017
MONGODB | Connection refused - connect(2) for 127.0.0.1:27017
MONGODB | Connection refused - connect(2) for 127.0.0.1:27017
MONGODB | Connection refused - connect(2) for 127.0.0.1:27017
MONGODB | Connection refused - connect(2) for 127.0.0.1:27017
MONGODB | Connection refused - connect(2) for 127.0.0.1:27017
MONGODB | Connection refused - connect(2) for 127.0.0.1:27017
MONGODB | Connection refused - connect(2) for 127.0.0.1:27017
MONGODB | Connection refused - connect(2) for 127.0.0.1:27017
MONGODB | Connection refused - connect(2) for 127.0.0.1:27017
MONGODB | Connection refused - connect(2) for 127.0.0.1:27017
MONGODB | Connection refused - connect(2) for 127.0.0.1:27017
MONGODB | Connection refused - connect(2) for 127.0.0.1:27017
MONGODB | Connection refused - connect(2) for 127.0.0.1:27017
MONGODB | Connection refused - connect(2) for 127.0.0.1:27017
MONGODB | Connection refused - connect(2) for 127.0.0.1:27017
MONGODB | Connection refused - connect(2) for 127.0.0.1:27017
MONGODB | Connection refused - connect(2) for 127.0.0.1:27017
MONGODB | Connection refused - connect(2) for 127.0.0.1:27017
MONGODB | Connection refused - connect(2) for 127.0.0.1:27017
Completed 500 Internal Server Error in 30171ms

Mongo::Error::NoServerAvailable (No server is available matching preference: #<Mongo::ServerSelector::Primary:0x70258085970100 tag_sets=[] server_selection_timeout=30 local_threshold=0.015>):
  app/controllers/api/v1/users_controller.rb:5:in `show'


MONGODB | Connection refused - connect(2) for 127.0.0.1:27017
  Rendered /Users/vinodrathod/.rbenv/versions/2.2.3/lib/ruby/gems/2.2.0/gems/actionpack-4.2.4/lib/action_dispatch/middleware/templates/rescues/_source.erb (6.1ms)
  Rendered /Users/vinodrathod/.rbenv/versions/2.2.3/lib/ruby/gems/2.2.0/gems/actionpack-4.2.4/lib/action_dispatch/middleware/templates/rescues/_trace.html.erb (2.9ms)
  Rendered /Users/vinodrathod/.rbenv/versions/2.2.3/lib/ruby/gems/2.2.0/gems/actionpack-4.2.4/lib/action_dispatch/middleware/templates/rescues/_request_and_response.html.erb (1.2ms)
  Rendered /Users/vinodrathod/.rbenv/versions/2.2.3/lib/ruby/gems/2.2.0/gems/actionpack-4.2.4/lib/action_dispatch/middleware/templates/rescues/diagnostics.html.erb within rescues/layout (61.1ms)
  Rendered /Users/vinodrathod/.rbenv/versions/2.2.3/lib/ruby/gems/2.2.0/gems/web-console-2.3.0/lib/web_console/templates/_markup.html.erb (0.7ms)
  Rendered /Users/vinodrathod/.rbenv/versions/2.2.3/lib/ruby/gems/2.2.0/gems/web-console-2.3.0/lib/web_console/templates/_inner_console_markup.html.erb within layouts/inlined_string (0.7ms)
  Rendered /Users/vinodrathod/.rbenv/versions/2.2.3/lib/ruby/gems/2.2.0/gems/web-console-2.3.0/lib/web_console/templates/_prompt_box_markup.html.erb within layouts/inlined_string (0.7ms)
  Rendered /Users/vinodrathod/.rbenv/versions/2.2.3/lib/ruby/gems/2.2.0/gems/web-console-2.3.0/lib/web_console/templates/style.css.erb within layouts/inlined_string (0.9ms)
  Rendered /Users/vinodrathod/.rbenv/versions/2.2.3/lib/ruby/gems/2.2.0/gems/web-console-2.3.0/lib/web_console/templates/console.js.erb within layouts/javascript (53.6ms)
  Rendered /Users/vinodrathod/.rbenv/versions/2.2.3/lib/ruby/gems/2.2.0/gems/web-console-2.3.0/lib/web_console/templates/main.js.erb within layouts/javascript (0.6ms)
  Rendered /Users/vinodrathod/.rbenv/versions/2.2.3/lib/ruby/gems/2.2.0/gems/web-console-2.3.0/lib/web_console/templates/error_page.js.erb within layouts/javascript (0.7ms)
  Rendered /Users/vinodrathod/.rbenv/versions/2.2.3/lib/ruby/gems/2.2.0/gems/web-console-2.3.0/lib/web_console/templates/index.html.erb (118.2ms)
MONGODB | Connection refused - connect(2) for 127.0.0.1:27017
MONGODB | Connection refused - connect(2) for 127.0.0.1:27017
MONGODB | Connection refused - connect(2) for 127.0.0.1:27017
MONGODB | Connection refused - connect(2) for 127.0.0.1:27017
MONGODB | Connection refused - connect(2) for 127.0.0.1:27017
MONGODB | Connection refused - connect(2) for 127.0.0.1:27017
MONGODB | Connection refused - connect(2) for 127.0.0.1:27017
MONGODB | Connection refused - connect(2) for 127.0.0.1:27017
MONGODB | Connection refused - connect(2) for 127.0.0.1:27017
MONGODB | Connection refused - connect(2) for 127.0.0.1:27017
MONGODB | Connection refused - connect(2) for 127.0.0.1:27017
MONGODB | Connection refused - connect(2) for 127.0.0.1:27017
MONGODB | Connection refused - connect(2) for 127.0.0.1:27017
MONGODB | Connection refused - connect(2) for 127.0.0.1:27017
MONGODB | Connection refused - connect(2) for 127.0.0.1:27017
MONGODB | Connection refused - connect(2) for 127.0.0.1:27017
MONGODB | Connection refused - connect(2) for 127.0.0.1:27017
MONGODB | Connection refused - connect(2) for 127.0.0.1:27017
MONGODB | Connection refused - connect(2) for 127.0.0.1:27017
MONGODB | Connection refused - connect(2) for 127.0.0.1:27017
MONGODB | Connection refused - connect(2) for 127.0.0.1:27017
MONGODB | Connection refused - connect(2) for 127.0.0.1:27017
MONGODB | Connection refused - connect(2) for 127.0.0.1:27017
MONGODB | Connection refused - connect(2) for 127.0.0.1:27017
MONGODB | Connection refused - connect(2) for 127.0.0.1:27017
MONGODB | Connection refused - connect(2) for 127.0.0.1:27017
MONGODB | Connection refused - connect(2) for 127.0.0.1:27017
MONGODB | Connection refused - connect(2) for 127.0.0.1:27017
MONGODB | Connection refused - connect(2) for 127.0.0.1:27017
MONGODB | Connection refused - connect(2) for 127.0.0.1:27017
MONGODB | Connection refused - connect(2) for 127.0.0.1:27017
MONGODB | Connection refused - connect(2) for 127.0.0.1:27017
MONGODB | Connection refused - connect(2) for 127.0.0.1:27017
MONGODB | Connection refused - connect(2) for 127.0.0.1:27017
MONGODB | Connection refused - connect(2) for 127.0.0.1:27017
MONGODB | Connection refused - connect(2) for 127.0.0.1:27017
MONGODB | Connection refused - connect(2) for 127.0.0.1:27017
MONGODB | Connection refused - connect(2) for 127.0.0.1:27017
MONGODB | Connection refused - connect(2) for 127.0.0.1:27017
MONGODB | Connection refused - connect(2) for 127.0.0.1:27017
MONGODB | Connection refused - connect(2) for 127.0.0.1:27017
MONGODB | Connection refused - connect(2) for 127.0.0.1:27017
MONGODB | Connection refused - connect(2) for 127.0.0.1:27017
MONGODB | Connection refused - connect(2) for 127.0.0.1:27017
MONGODB | Connection refused - connect(2) for 127.0.0.1:27017
MONGODB | Connection refused - connect(2) for 127.0.0.1:27017
MONGODB | Connection refused - connect(2) for 127.0.0.1:27017
MONGODB | Connection refused - connect(2) for 127.0.0.1:27017
MONGODB | Connection refused - connect(2) for 127.0.0.1:27017
MONGODB | Connection refused - connect(2) for 127.0.0.1:27017
MONGODB | Connection refused - connect(2) for 127.0.0.1:27017
MONGODB | Connection refused - connect(2) for 127.0.0.1:27017
MONGODB | Connection refused - connect(2) for 127.0.0.1:27017
MONGODB | Connection refused - connect(2) for 127.0.0.1:27017
MONGODB | Connection refused - connect(2) for 127.0.0.1:27017
MONGODB | Connection refused - connect(2) for 127.0.0.1:27017
MONGODB | Connection refused - connect(2) for 127.0.0.1:27017
MONGODB | Connection refused - connect(2) for 127.0.0.1:27017
MONGODB | Connection refused - connect(2) for 127.0.0.1:27017
MONGODB | Connection refused - connect(2) for 127.0.0.1:27017
MONGODB | Connection refused - connect(2) for 127.0.0.1:27017
MONGODB | Connection refused - connect(2) for 127.0.0.1:27017
MONGODB | Connection refused - connect(2) for 127.0.0.1:27017
MONGODB | Connection refused - connect(2) for 127.0.0.1:27017
MONGODB | Connection refused - connect(2) for 127.0.0.1:27017
MONGODB | Connection refused - connect(2) for 127.0.0.1:27017
MONGODB | Connection refused - connect(2) for 127.0.0.1:27017
MONGODB | Connection refused - connect(2) for 127.0.0.1:27017
MONGODB | Connection refused - connect(2) for 127.0.0.1:27017
MONGODB | Connection refused - connect(2) for 127.0.0.1:27017
MONGODB | Connection refused - connect(2) for 127.0.0.1:27017
MONGODB | Connection refused - connect(2) for 127.0.0.1:27017
MONGODB | Connection refused - connect(2) for 127.0.0.1:27017
MONGODB | Connection refused - connect(2) for 127.0.0.1:27017
MONGODB | Connection refused - connect(2) for 127.0.0.1:27017
MONGODB | Connection refused - connect(2) for 127.0.0.1:27017
MONGODB | Connection refused - connect(2) for 127.0.0.1:27017
MONGODB | Connection refused - connect(2) for 127.0.0.1:27017
MONGODB | Connection refused - connect(2) for 127.0.0.1:27017
MONGODB | Connection refused - connect(2) for 127.0.0.1:27017
MONGODB | Connection refused - connect(2) for 127.0.0.1:27017
MONGODB | Connection refused - connect(2) for 127.0.0.1:27017
MONGODB | Connection refused - connect(2) for 127.0.0.1:27017
MONGODB | Connection refused - connect(2) for 127.0.0.1:27017
MONGODB | Connection refused - connect(2) for 127.0.0.1:27017
MONGODB | Connection refused - connect(2) for 127.0.0.1:27017
